0 verbose cli /usr/local/bin/node /usr/local/bin/npm
1 info using npm@11.12.1
2 info using node@v24.15.0
3 silly config load:file:/usr/local/lib/node_modules/npm/npmrc
4 silly config load:file:/Users/tony_pitaniello/Desktop/reg-guard FINAL/frontend/.npmrc
5 silly config load:file:/Users/tony_pitaniello/.npmrc
6 silly config load:file:/usr/local/etc/npmrc
7 verbose title npm install
8 verbose argv "install" "--cache" "/Users/tony_pitaniello/Desktop/reg-guard FINAL/frontend/.npm-cache" "--prefer-online"
9 verbose logfile logs-max:10 dir:/Users/tony_pitaniello/Desktop/reg-guard FINAL/frontend/.npm-cache/_logs/2026-05-10T00_26_37_075Z-
10 verbose logfile /Users/tony_pitaniello/Desktop/reg-guard FINAL/frontend/.npm-cache/_logs/2026-05-10T00_26_37_075Z-debug-0.log
11 silly logfile done cleaning log files
12 silly packumentCache heap:2348810240 maxSize:587202560 maxEntrySize:293601280
13 verbose shrinkwrap failed to load node_modules/.package-lock.json out of date, updated: node_modules
14 verbose shrinkwrap failed to load node_modules/.package-lock.json out of date, updated: node_modules
15 silly idealTree buildDeps
16 silly fetch manifest @esbuild/aix-ppc64@0.25.12
17 silly packumentCache full:https://registry.npmjs.org/@esbuild%2faix-ppc64 cache-miss
18 http fetch GET 200 https://registry.npmjs.org/npm 487ms
19 http fetch GET 200 https://registry.npmjs.org/@esbuild%2faix-ppc64 454ms (cache miss)
20 silly packumentCache full:https://registry.npmjs.org/@esbuild%2faix-ppc64 set size:undefined disposed:false
21 silly fetch manifest @esbuild/android-arm@0.25.12
22 silly packumentCache full:https://registry.npmjs.org/@esbuild%2fandroid-arm cache-miss
23 http fetch GET 200 https://registry.npmjs.org/@esbuild%2fandroid-arm 143ms (cache miss)
24 silly packumentCache full:https://registry.npmjs.org/@esbuild%2fandroid-arm set size:undefined disposed:false
25 silly fetch manifest @esbuild/android-arm64@0.25.12
26 silly packumentCache full:https://registry.npmjs.org/@esbuild%2fandroid-arm64 cache-miss
27 http fetch GET 200 https://registry.npmjs.org/@esbuild%2fandroid-arm64 120ms (cache miss)
28 silly packumentCache full:https://registry.npmjs.org/@esbuild%2fandroid-arm64 set size:undefined disposed:false
29 silly fetch manifest @esbuild/android-x64@0.25.12
30 silly packumentCache full:https://registry.npmjs.org/@esbuild%2fandroid-x64 cache-miss
31 http fetch GET 200 https://registry.npmjs.org/@esbuild%2fandroid-x64 213ms (cache miss)
32 silly packumentCache full:https://registry.npmjs.org/@esbuild%2fandroid-x64 set size:undefined disposed:false
33 silly fetch manifest @esbuild/darwin-x64@0.25.12
34 silly packumentCache full:https://registry.npmjs.org/@esbuild%2fdarwin-x64 cache-miss
35 http fetch GET 200 https://registry.npmjs.org/@esbuild%2fdarwin-x64 219ms (cache miss)
36 silly packumentCache full:https://registry.npmjs.org/@esbuild%2fdarwin-x64 set size:undefined disposed:false
37 silly fetch manifest @esbuild/freebsd-arm64@0.25.12
38 silly packumentCache full:https://registry.npmjs.org/@esbuild%2ffreebsd-arm64 cache-miss
39 http fetch GET 200 https://registry.npmjs.org/@esbuild%2ffreebsd-arm64 210ms (cache miss)
40 silly packumentCache full:https://registry.npmjs.org/@esbuild%2ffreebsd-arm64 set size:undefined disposed:false
41 silly fetch manifest @esbuild/freebsd-x64@0.25.12
42 silly packumentCache full:https://registry.npmjs.org/@esbuild%2ffreebsd-x64 cache-miss
43 http fetch GET 200 https://registry.npmjs.org/@esbuild%2ffreebsd-x64 126ms (cache miss)
44 silly packumentCache full:https://registry.npmjs.org/@esbuild%2ffreebsd-x64 set size:undefined disposed:false
45 silly fetch manifest @esbuild/linux-arm@0.25.12
46 silly packumentCache full:https://registry.npmjs.org/@esbuild%2flinux-arm cache-miss
47 http fetch GET 200 https://registry.npmjs.org/@esbuild%2flinux-arm 194ms (cache miss)
48 silly packumentCache full:https://registry.npmjs.org/@esbuild%2flinux-arm set size:undefined disposed:false
49 silly fetch manifest @esbuild/linux-arm64@0.25.12
50 silly packumentCache full:https://registry.npmjs.org/@esbuild%2flinux-arm64 cache-miss
51 http fetch GET 200 https://registry.npmjs.org/@esbuild%2flinux-arm64 220ms (cache miss)
52 silly packumentCache full:https://registry.npmjs.org/@esbuild%2flinux-arm64 set size:undefined disposed:false
53 silly fetch manifest @esbuild/linux-ia32@0.25.12
54 silly packumentCache full:https://registry.npmjs.org/@esbuild%2flinux-ia32 cache-miss
55 http fetch GET 200 https://registry.npmjs.org/@esbuild%2flinux-ia32 127ms (cache miss)
56 silly packumentCache full:https://registry.npmjs.org/@esbuild%2flinux-ia32 set size:undefined disposed:false
57 silly fetch manifest @esbuild/linux-loong64@0.25.12
58 silly packumentCache full:https://registry.npmjs.org/@esbuild%2flinux-loong64 cache-miss
59 http fetch GET 200 https://registry.npmjs.org/@esbuild%2flinux-loong64 97ms (cache miss)
60 silly packumentCache full:https://registry.npmjs.org/@esbuild%2flinux-loong64 set size:undefined disposed:false
61 silly fetch manifest @esbuild/linux-mips64el@0.25.12
62 silly packumentCache full:https://registry.npmjs.org/@esbuild%2flinux-mips64el cache-miss
63 http fetch GET 200 https://registry.npmjs.org/@esbuild%2flinux-mips64el 131ms (cache miss)
64 silly packumentCache full:https://registry.npmjs.org/@esbuild%2flinux-mips64el set size:undefined disposed:false
65 silly fetch manifest @esbuild/linux-ppc64@0.25.12
66 silly packumentCache full:https://registry.npmjs.org/@esbuild%2flinux-ppc64 cache-miss
67 http fetch GET 200 https://registry.npmjs.org/@esbuild%2flinux-ppc64 125ms (cache miss)
68 silly packumentCache full:https://registry.npmjs.org/@esbuild%2flinux-ppc64 set size:undefined disposed:false
69 silly fetch manifest @esbuild/linux-riscv64@0.25.12
70 silly packumentCache full:https://registry.npmjs.org/@esbuild%2flinux-riscv64 cache-miss
71 http fetch GET 200 https://registry.npmjs.org/@esbuild%2flinux-riscv64 226ms (cache miss)
72 silly packumentCache full:https://registry.npmjs.org/@esbuild%2flinux-riscv64 set size:undefined disposed:false
73 silly fetch manifest @esbuild/linux-s390x@0.25.12
74 silly packumentCache full:https://registry.npmjs.org/@esbuild%2flinux-s390x cache-miss
75 http fetch GET 200 https://registry.npmjs.org/@esbuild%2flinux-s390x 226ms (cache miss)
76 silly packumentCache full:https://registry.npmjs.org/@esbuild%2flinux-s390x set size:undefined disposed:false
77 silly fetch manifest @esbuild/linux-x64@0.25.12
78 silly packumentCache full:https://registry.npmjs.org/@esbuild%2flinux-x64 cache-miss
79 http fetch GET 200 https://registry.npmjs.org/@esbuild%2flinux-x64 196ms (cache miss)
80 silly packumentCache full:https://registry.npmjs.org/@esbuild%2flinux-x64 set size:undefined disposed:false
81 silly fetch manifest @esbuild/netbsd-arm64@0.25.12
82 silly packumentCache full:https://registry.npmjs.org/@esbuild%2fnetbsd-arm64 cache-miss
83 http fetch GET 200 https://registry.npmjs.org/@esbuild%2fnetbsd-arm64 200ms (cache miss)
84 silly packumentCache full:https://registry.npmjs.org/@esbuild%2fnetbsd-arm64 set size:undefined disposed:false
85 silly fetch manifest @esbuild/netbsd-x64@0.25.12
86 silly packumentCache full:https://registry.npmjs.org/@esbuild%2fnetbsd-x64 cache-miss
87 http fetch GET 200 https://registry.npmjs.org/@esbuild%2fnetbsd-x64 113ms (cache miss)
88 silly packumentCache full:https://registry.npmjs.org/@esbuild%2fnetbsd-x64 set size:undefined disposed:false
89 silly fetch manifest @esbuild/openbsd-arm64@0.25.12
90 silly packumentCache full:https://registry.npmjs.org/@esbuild%2fopenbsd-arm64 cache-miss
91 http fetch GET 200 https://registry.npmjs.org/@esbuild%2fopenbsd-arm64 73ms (cache miss)
92 silly packumentCache full:https://registry.npmjs.org/@esbuild%2fopenbsd-arm64 set size:undefined disposed:false
93 silly fetch manifest @esbuild/openbsd-x64@0.25.12
94 silly packumentCache full:https://registry.npmjs.org/@esbuild%2fopenbsd-x64 cache-miss
95 http fetch GET 200 https://registry.npmjs.org/@esbuild%2fopenbsd-x64 77ms (cache miss)
96 silly packumentCache full:https://registry.npmjs.org/@esbuild%2fopenbsd-x64 set size:undefined disposed:false
97 silly fetch manifest @esbuild/openharmony-arm64@0.25.12
98 silly packumentCache full:https://registry.npmjs.org/@esbuild%2fopenharmony-arm64 cache-miss
99 http fetch GET 200 https://registry.npmjs.org/@esbuild%2fopenharmony-arm64 88ms (cache miss)
100 silly packumentCache full:https://registry.npmjs.org/@esbuild%2fopenharmony-arm64 set size:undefined disposed:false
101 silly fetch manifest @esbuild/sunos-x64@0.25.12
102 silly packumentCache full:https://registry.npmjs.org/@esbuild%2fsunos-x64 cache-miss
103 http fetch GET 200 https://registry.npmjs.org/@esbuild%2fsunos-x64 92ms (cache miss)
104 silly packumentCache full:https://registry.npmjs.org/@esbuild%2fsunos-x64 set size:undefined disposed:false
105 silly fetch manifest @esbuild/win32-arm64@0.25.12
106 silly packumentCache full:https://registry.npmjs.org/@esbuild%2fwin32-arm64 cache-miss
107 http fetch GET 200 https://registry.npmjs.org/@esbuild%2fwin32-arm64 81ms (cache miss)
108 silly packumentCache full:https://registry.npmjs.org/@esbuild%2fwin32-arm64 set size:undefined disposed:false
109 silly fetch manifest @esbuild/win32-ia32@0.25.12
110 silly packumentCache full:https://registry.npmjs.org/@esbuild%2fwin32-ia32 cache-miss
111 http fetch GET 200 https://registry.npmjs.org/@esbuild%2fwin32-ia32 93ms (cache miss)
112 silly packumentCache full:https://registry.npmjs.org/@esbuild%2fwin32-ia32 set size:undefined disposed:false
113 silly fetch manifest @esbuild/win32-x64@0.25.12
114 silly packumentCache full:https://registry.npmjs.org/@esbuild%2fwin32-x64 cache-miss
115 http fetch GET 200 https://registry.npmjs.org/@esbuild%2fwin32-x64 94ms (cache miss)
116 silly packumentCache full:https://registry.npmjs.org/@esbuild%2fwin32-x64 set size:undefined disposed:false
117 silly placeDep ROOT @esbuild/aix-ppc64@0.25.12 OK for: esbuild@0.25.12 want: 0.25.12
118 silly placeDep ROOT @esbuild/android-arm@0.25.12 OK for: esbuild@0.25.12 want: 0.25.12
119 silly placeDep ROOT @esbuild/android-arm64@0.25.12 OK for: esbuild@0.25.12 want: 0.25.12
120 silly placeDep ROOT @esbuild/android-x64@0.25.12 OK for: esbuild@0.25.12 want: 0.25.12
121 silly placeDep ROOT @esbuild/darwin-x64@0.25.12 OK for: esbuild@0.25.12 want: 0.25.12
122 silly placeDep ROOT @esbuild/freebsd-arm64@0.25.12 OK for: esbuild@0.25.12 want: 0.25.12
123 silly placeDep ROOT @esbuild/freebsd-x64@0.25.12 OK for: esbuild@0.25.12 want: 0.25.12
124 silly placeDep ROOT @esbuild/linux-arm@0.25.12 OK for: esbuild@0.25.12 want: 0.25.12
125 silly placeDep ROOT @esbuild/linux-arm64@0.25.12 OK for: esbuild@0.25.12 want: 0.25.12
126 silly placeDep ROOT @esbuild/linux-ia32@0.25.12 OK for: esbuild@0.25.12 want: 0.25.12
127 silly placeDep ROOT @esbuild/linux-loong64@0.25.12 OK for: esbuild@0.25.12 want: 0.25.12
128 silly placeDep ROOT @esbuild/linux-mips64el@0.25.12 OK for: esbuild@0.25.12 want: 0.25.12
129 silly placeDep ROOT @esbuild/linux-ppc64@0.25.12 OK for: esbuild@0.25.12 want: 0.25.12
130 silly placeDep ROOT @esbuild/linux-riscv64@0.25.12 OK for: esbuild@0.25.12 want: 0.25.12
131 silly placeDep ROOT @esbuild/linux-s390x@0.25.12 OK for: esbuild@0.25.12 want: 0.25.12
132 silly placeDep ROOT @esbuild/linux-x64@0.25.12 OK for: esbuild@0.25.12 want: 0.25.12
133 silly placeDep ROOT @esbuild/netbsd-arm64@0.25.12 OK for: esbuild@0.25.12 want: 0.25.12
134 silly placeDep ROOT @esbuild/netbsd-x64@0.25.12 OK for: esbuild@0.25.12 want: 0.25.12
135 silly placeDep ROOT @esbuild/openbsd-arm64@0.25.12 OK for: esbuild@0.25.12 want: 0.25.12
136 silly placeDep ROOT @esbuild/openbsd-x64@0.25.12 OK for: esbuild@0.25.12 want: 0.25.12
137 silly placeDep ROOT @esbuild/openharmony-arm64@0.25.12 OK for: esbuild@0.25.12 want: 0.25.12
138 silly placeDep ROOT @esbuild/sunos-x64@0.25.12 OK for: esbuild@0.25.12 want: 0.25.12
139 silly placeDep ROOT @esbuild/win32-arm64@0.25.12 OK for: esbuild@0.25.12 want: 0.25.12
140 silly placeDep ROOT @esbuild/win32-ia32@0.25.12 OK for: esbuild@0.25.12 want: 0.25.12
141 silly placeDep ROOT @esbuild/win32-x64@0.25.12 OK for: esbuild@0.25.12 want: 0.25.12
142 silly fetch manifest @rollup/rollup-android-arm64@4.60.2
143 silly packumentCache full:https://registry.npmjs.org/@rollup%2frollup-android-arm64 cache-miss
144 http fetch GET 200 https://registry.npmjs.org/@rollup%2frollup-android-arm64 129ms (cache miss)
145 silly packumentCache full:https://registry.npmjs.org/@rollup%2frollup-android-arm64 set size:undefined disposed:false
146 silly fetch manifest @rollup/rollup-win32-arm64-msvc@4.60.2
147 silly packumentCache full:https://registry.npmjs.org/@rollup%2frollup-win32-arm64-msvc cache-miss
148 http fetch GET 200 https://registry.npmjs.org/@rollup%2frollup-win32-arm64-msvc 137ms (cache miss)
149 silly packumentCache full:https://registry.npmjs.org/@rollup%2frollup-win32-arm64-msvc set size:undefined disposed:false
150 silly fetch manifest @rollup/rollup-freebsd-arm64@4.60.2
151 silly packumentCache full:https://registry.npmjs.org/@rollup%2frollup-freebsd-arm64 cache-miss
152 http fetch GET 200 https://registry.npmjs.org/@rollup%2frollup-freebsd-arm64 135ms (cache miss)
153 silly packumentCache full:https://registry.npmjs.org/@rollup%2frollup-freebsd-arm64 set size:undefined disposed:false
154 silly fetch manifest @rollup/rollup-linux-arm64-gnu@4.60.2
155 silly packumentCache full:https://registry.npmjs.org/@rollup%2frollup-linux-arm64-gnu cache-miss
156 http fetch GET 200 https://registry.npmjs.org/@rollup%2frollup-linux-arm64-gnu 365ms (cache miss)
157 silly packumentCache full:https://registry.npmjs.org/@rollup%2frollup-linux-arm64-gnu set size:undefined disposed:false
158 silly fetch manifest @rollup/rollup-linux-arm64-musl@4.60.2
159 silly packumentCache full:https://registry.npmjs.org/@rollup%2frollup-linux-arm64-musl cache-miss
160 http fetch GET 200 https://registry.npmjs.org/@rollup%2frollup-linux-arm64-musl 86ms (cache miss)
161 silly packumentCache full:https://registry.npmjs.org/@rollup%2frollup-linux-arm64-musl set size:undefined disposed:false
162 silly fetch manifest @rollup/rollup-android-arm-eabi@4.60.2
163 silly packumentCache full:https://registry.npmjs.org/@rollup%2frollup-android-arm-eabi cache-miss
164 http fetch GET 200 https://registry.npmjs.org/@rollup%2frollup-android-arm-eabi 138ms (cache miss)
165 silly packumentCache full:https://registry.npmjs.org/@rollup%2frollup-android-arm-eabi set size:undefined disposed:false
166 silly fetch manifest @rollup/rollup-linux-arm-gnueabihf@4.60.2
167 silly packumentCache full:https://registry.npmjs.org/@rollup%2frollup-linux-arm-gnueabihf cache-miss
168 http fetch GET 200 https://registry.npmjs.org/@rollup%2frollup-linux-arm-gnueabihf 182ms (cache miss)
169 silly packumentCache full:https://registry.npmjs.org/@rollup%2frollup-linux-arm-gnueabihf set size:undefined disposed:false
170 silly fetch manifest @rollup/rollup-linux-arm-musleabihf@4.60.2
171 silly packumentCache full:https://registry.npmjs.org/@rollup%2frollup-linux-arm-musleabihf cache-miss
172 http fetch GET 200 https://registry.npmjs.org/@rollup%2frollup-linux-arm-musleabihf 277ms (cache miss)
173 silly packumentCache full:https://registry.npmjs.org/@rollup%2frollup-linux-arm-musleabihf set size:undefined disposed:false
174 silly fetch manifest @rollup/rollup-win32-ia32-msvc@4.60.2
175 silly packumentCache full:https://registry.npmjs.org/@rollup%2frollup-win32-ia32-msvc cache-miss
176 http fetch GET 200 https://registry.npmjs.org/@rollup%2frollup-win32-ia32-msvc 117ms (cache miss)
177 silly packumentCache full:https://registry.npmjs.org/@rollup%2frollup-win32-ia32-msvc set size:undefined disposed:false
178 silly fetch manifest @rollup/rollup-linux-loong64-gnu@4.60.2
179 silly packumentCache full:https://registry.npmjs.org/@rollup%2frollup-linux-loong64-gnu cache-miss
180 http fetch GET 200 https://registry.npmjs.org/@rollup%2frollup-linux-loong64-gnu 143ms (cache miss)
181 silly packumentCache full:https://registry.npmjs.org/@rollup%2frollup-linux-loong64-gnu set size:undefined disposed:false
182 silly fetch manifest @rollup/rollup-linux-loong64-musl@4.60.2
183 silly packumentCache full:https://registry.npmjs.org/@rollup%2frollup-linux-loong64-musl cache-miss
184 http fetch GET 200 https://registry.npmjs.org/@rollup%2frollup-linux-loong64-musl 210ms (cache miss)
185 silly packumentCache full:https://registry.npmjs.org/@rollup%2frollup-linux-loong64-musl set size:undefined disposed:false
186 silly fetch manifest @rollup/rollup-linux-riscv64-gnu@4.60.2
187 silly packumentCache full:https://registry.npmjs.org/@rollup%2frollup-linux-riscv64-gnu cache-miss
188 http fetch GET 200 https://registry.npmjs.org/@rollup%2frollup-linux-riscv64-gnu 250ms (cache miss)
189 silly packumentCache full:https://registry.npmjs.org/@rollup%2frollup-linux-riscv64-gnu set size:undefined disposed:false
190 silly fetch manifest @rollup/rollup-linux-riscv64-musl@4.60.2
191 silly packumentCache full:https://registry.npmjs.org/@rollup%2frollup-linux-riscv64-musl cache-miss
192 http fetch GET 200 https://registry.npmjs.org/@rollup%2frollup-linux-riscv64-musl 215ms (cache miss)
193 silly packumentCache full:https://registry.npmjs.org/@rollup%2frollup-linux-riscv64-musl set size:undefined disposed:false
194 silly fetch manifest @rollup/rollup-linux-ppc64-gnu@4.60.2
195 silly packumentCache full:https://registry.npmjs.org/@rollup%2frollup-linux-ppc64-gnu cache-miss
196 http fetch GET 200 https://registry.npmjs.org/@rollup%2frollup-linux-ppc64-gnu 262ms (cache miss)
197 silly packumentCache full:https://registry.npmjs.org/@rollup%2frollup-linux-ppc64-gnu set size:undefined disposed:false
198 silly fetch manifest @rollup/rollup-linux-ppc64-musl@4.60.2
199 silly packumentCache full:https://registry.npmjs.org/@rollup%2frollup-linux-ppc64-musl cache-miss
200 http fetch GET 200 https://registry.npmjs.org/@rollup%2frollup-linux-ppc64-musl 148ms (cache miss)
201 silly packumentCache full:https://registry.npmjs.org/@rollup%2frollup-linux-ppc64-musl set size:undefined disposed:false
202 silly fetch manifest @rollup/rollup-linux-s390x-gnu@4.60.2
203 silly packumentCache full:https://registry.npmjs.org/@rollup%2frollup-linux-s390x-gnu cache-miss
204 http fetch GET 200 https://registry.npmjs.org/@rollup%2frollup-linux-s390x-gnu 419ms (cache miss)
205 silly packumentCache full:https://registry.npmjs.org/@rollup%2frollup-linux-s390x-gnu set size:undefined disposed:false
206 silly fetch manifest @rollup/rollup-darwin-x64@4.60.2
207 silly packumentCache full:https://registry.npmjs.org/@rollup%2frollup-darwin-x64 cache-miss
208 http fetch GET 200 https://registry.npmjs.org/@rollup%2frollup-darwin-x64 759ms (cache miss)
209 silly packumentCache full:https://registry.npmjs.org/@rollup%2frollup-darwin-x64 set size:undefined disposed:false
210 silly fetch manifest @rollup/rollup-win32-x64-gnu@4.60.2
211 silly packumentCache full:https://registry.npmjs.org/@rollup%2frollup-win32-x64-gnu cache-miss
212 http fetch GET 200 https://registry.npmjs.org/@rollup%2frollup-win32-x64-gnu 911ms (cache miss)
213 silly packumentCache full:https://registry.npmjs.org/@rollup%2frollup-win32-x64-gnu set size:undefined disposed:false
214 silly fetch manifest @rollup/rollup-win32-x64-msvc@4.60.2
215 silly packumentCache full:https://registry.npmjs.org/@rollup%2frollup-win32-x64-msvc cache-miss
216 http fetch GET 200 https://registry.npmjs.org/@rollup%2frollup-win32-x64-msvc 803ms (cache miss)
217 silly packumentCache full:https://registry.npmjs.org/@rollup%2frollup-win32-x64-msvc set size:undefined disposed:false
218 silly fetch manifest @rollup/rollup-freebsd-x64@4.60.2
219 silly packumentCache full:https://registry.npmjs.org/@rollup%2frollup-freebsd-x64 cache-miss
220 http fetch GET 200 https://registry.npmjs.org/@rollup%2frollup-freebsd-x64 959ms (cache miss)
221 silly packumentCache full:https://registry.npmjs.org/@rollup%2frollup-freebsd-x64 set size:undefined disposed:false
222 silly fetch manifest @rollup/rollup-linux-x64-gnu@4.60.2
223 silly packumentCache full:https://registry.npmjs.org/@rollup%2frollup-linux-x64-gnu cache-miss
224 http fetch GET 200 https://registry.npmjs.org/@rollup%2frollup-linux-x64-gnu 579ms (cache miss)
225 silly packumentCache full:https://registry.npmjs.org/@rollup%2frollup-linux-x64-gnu set size:undefined disposed:false
226 silly fetch manifest @rollup/rollup-linux-x64-musl@4.60.2
227 silly packumentCache full:https://registry.npmjs.org/@rollup%2frollup-linux-x64-musl cache-miss
228 http fetch GET 200 https://registry.npmjs.org/@rollup%2frollup-linux-x64-musl 628ms (cache miss)
229 silly packumentCache full:https://registry.npmjs.org/@rollup%2frollup-linux-x64-musl set size:undefined disposed:false
230 silly fetch manifest @rollup/rollup-openbsd-x64@4.60.2
231 silly packumentCache full:https://registry.npmjs.org/@rollup%2frollup-openbsd-x64 cache-miss
232 http fetch GET 200 https://registry.npmjs.org/@rollup%2frollup-openbsd-x64 508ms (cache miss)
233 silly packumentCache full:https://registry.npmjs.org/@rollup%2frollup-openbsd-x64 set size:undefined disposed:false
234 silly fetch manifest @rollup/rollup-openharmony-arm64@4.60.2
235 silly packumentCache full:https://registry.npmjs.org/@rollup%2frollup-openharmony-arm64 cache-miss
236 http fetch GET 200 https://registry.npmjs.org/@rollup%2frollup-openharmony-arm64 296ms (cache miss)
237 silly packumentCache full:https://registry.npmjs.org/@rollup%2frollup-openharmony-arm64 set size:undefined disposed:false
238 silly placeDep ROOT @rollup/rollup-android-arm-eabi@4.60.2 OK for: rollup@4.60.2 want: 4.60.2
239 silly placeDep ROOT @rollup/rollup-android-arm64@4.60.2 OK for: rollup@4.60.2 want: 4.60.2
240 silly placeDep ROOT @rollup/rollup-darwin-x64@4.60.2 OK for: rollup@4.60.2 want: 4.60.2
241 silly placeDep ROOT @rollup/rollup-freebsd-arm64@4.60.2 OK for: rollup@4.60.2 want: 4.60.2
242 silly placeDep ROOT @rollup/rollup-freebsd-x64@4.60.2 OK for: rollup@4.60.2 want: 4.60.2
243 silly placeDep ROOT @rollup/rollup-linux-arm-gnueabihf@4.60.2 OK for: rollup@4.60.2 want: 4.60.2
244 silly placeDep ROOT @rollup/rollup-linux-arm-musleabihf@4.60.2 OK for: rollup@4.60.2 want: 4.60.2
245 silly placeDep ROOT @rollup/rollup-linux-arm64-gnu@4.60.2 OK for: rollup@4.60.2 want: 4.60.2
246 silly placeDep ROOT @rollup/rollup-linux-arm64-musl@4.60.2 OK for: rollup@4.60.2 want: 4.60.2
247 silly placeDep ROOT @rollup/rollup-linux-loong64-gnu@4.60.2 OK for: rollup@4.60.2 want: 4.60.2
248 silly placeDep ROOT @rollup/rollup-linux-loong64-musl@4.60.2 OK for: rollup@4.60.2 want: 4.60.2
249 silly placeDep ROOT @rollup/rollup-linux-ppc64-gnu@4.60.2 OK for: rollup@4.60.2 want: 4.60.2
250 silly placeDep ROOT @rollup/rollup-linux-ppc64-musl@4.60.2 OK for: rollup@4.60.2 want: 4.60.2
251 silly placeDep ROOT @rollup/rollup-linux-riscv64-gnu@4.60.2 OK for: rollup@4.60.2 want: 4.60.2
252 silly placeDep ROOT @rollup/rollup-linux-riscv64-musl@4.60.2 OK for: rollup@4.60.2 want: 4.60.2
253 silly placeDep ROOT @rollup/rollup-linux-s390x-gnu@4.60.2 OK for: rollup@4.60.2 want: 4.60.2
254 silly placeDep ROOT @rollup/rollup-linux-x64-gnu@4.60.2 OK for: rollup@4.60.2 want: 4.60.2
255 silly placeDep ROOT @rollup/rollup-linux-x64-musl@4.60.2 OK for: rollup@4.60.2 want: 4.60.2
256 silly placeDep ROOT @rollup/rollup-openbsd-x64@4.60.2 OK for: rollup@4.60.2 want: 4.60.2
257 silly placeDep ROOT @rollup/rollup-openharmony-arm64@4.60.2 OK for: rollup@4.60.2 want: 4.60.2
258 silly placeDep ROOT @rollup/rollup-win32-arm64-msvc@4.60.2 OK for: rollup@4.60.2 want: 4.60.2
259 silly placeDep ROOT @rollup/rollup-win32-ia32-msvc@4.60.2 OK for: rollup@4.60.2 want: 4.60.2
260 silly placeDep ROOT @rollup/rollup-win32-x64-gnu@4.60.2 OK for: rollup@4.60.2 want: 4.60.2
261 silly placeDep ROOT @rollup/rollup-win32-x64-msvc@4.60.2 OK for: rollup@4.60.2 want: 4.60.2
262 silly reify moves {}
263 silly audit bulk request {
263 silly audit   'ansi-styles': [ '4.3.0' ],
263 silly audit   acorn: [ '8.16.0' ],
263 silly audit   ajv: [ '6.15.0' ],
263 silly audit   'acorn-jsx': [ '5.3.2' ],
263 silly audit   argparse: [ '2.0.1' ],
263 silly audit   asynckit: [ '0.4.0' ],
263 silly audit   'balanced-match': [ '1.0.2', '4.0.4' ],
263 silly audit   axios: [ '1.16.0' ],
263 silly audit   bail: [ '2.0.2' ],
263 silly audit   'base64-arraybuffer': [ '1.0.2' ],
263 silly audit   'brace-expansion': [ '1.1.14', '5.0.5' ],
263 silly audit   browserslist: [ '4.28.2' ],
263 silly audit   'call-bind-apply-helpers': [ '1.0.2' ],
263 silly audit   'baseline-browser-mapping': [ '2.10.22' ],
263 silly audit   callsites: [ '3.1.0' ],
263 silly audit   'caniuse-lite': [ '1.0.30001790' ],
263 silly audit   ccount: [ '2.0.1' ],
263 silly audit   chalk: [ '4.1.2' ],
263 silly audit   canvg: [ '3.0.11' ],
263 silly audit   'character-reference-invalid': [ '2.0.1' ],
263 silly audit   clsx: [ '2.1.1' ],
263 silly audit   'character-entities': [ '2.0.2' ],
263 silly audit   'color-convert': [ '2.0.1' ],
263 silly audit   'color-name': [ '1.1.4' ],
263 silly audit   'combined-stream': [ '1.0.8' ],
263 silly audit   'character-entities-html4': [ '2.1.0' ],
263 silly audit   'comma-separated-tokens': [ '2.0.3' ],
263 silly audit   'character-entities-legacy': [ '3.0.0' ],
263 silly audit   'convert-source-map': [ '2.0.0' ],
263 silly audit   'core-js': [ '3.49.0' ],
263 silly audit   'concat-map': [ '0.0.1' ],
263 silly audit   'css-line-break': [ '2.1.0' ],
263 silly audit   'cross-spawn': [ '7.0.6' ],
263 silly audit   debug: [ '4.4.3' ],
263 silly audit   'delayed-stream': [ '1.0.0' ],
263 silly audit   'decode-named-character-reference': [ '1.3.0' ],
263 silly audit   dequal: [ '2.0.3' ],
263 silly audit   dompurify: [ '3.4.2' ],
263 silly audit   'dunder-proto': [ '1.0.1' ],
263 silly audit   'es-define-property': [ '1.0.1' ],
263 silly audit   'electron-to-chromium': [ '1.5.344' ],
263 silly audit   devlop: [ '1.1.0' ],
263 silly audit   'es-object-atoms': [ '1.1.1' ],
263 silly audit   'es-errors': [ '1.3.0' ],
263 silly audit   escalade: [ '3.2.0' ],
263 silly audit   'es-set-tostringtag': [ '2.1.0' ],
263 silly audit   esbuild: [ '0.25.12' ],
263 silly audit   'escape-string-regexp': [ '4.0.0', '5.0.0' ],
263 silly audit   'eslint-plugin-react-hooks': [ '5.2.0' ],
263 silly audit   'eslint-plugin-react-refresh': [ '0.4.26' ],
263 silly audit   eslint: [ '9.39.4' ],
263 silly audit   'eslint-scope': [ '8.4.0' ],
263 silly audit   espree: [ '10.4.0' ],
263 silly audit   esquery: [ '1.7.0' ],
263 silly audit   esrecurse: [ '4.3.0' ],
263 silly audit   estraverse: [ '5.3.0' ],
263 silly audit   'estree-util-is-identifier-name': [ '3.0.0' ],
263 silly audit   'fast-deep-equal': [ '3.1.3' ],
263 silly audit   'eslint-visitor-keys': [ '4.2.1', '3.4.3', '5.0.1' ],
263 silly audit   'fast-json-stable-stringify': [ '2.1.0' ],
263 silly audit   'fast-levenshtein': [ '2.0.6' ],
263 silly audit   'fast-png': [ '6.4.0' ],
263 silly audit   fdir: [ '6.5.0' ],
263 silly audit   fflate: [ '0.8.2' ],
263 silly audit   'file-entry-cache': [ '8.0.0' ],
263 silly audit   extend: [ '3.0.2' ],
263 silly audit   'find-up': [ '5.0.0' ],
263 silly audit   'flat-cache': [ '4.0.1' ],
263 silly audit   'follow-redirects': [ '1.16.0' ],
263 silly audit   flatted: [ '3.4.2' ],
263 silly audit   'form-data': [ '4.0.5' ],
263 silly audit   fsevents: [ '2.3.3' ],
263 silly audit   'function-bind': [ '1.1.2' ],
263 silly audit   esutils: [ '2.0.3' ],
263 silly audit   'get-proto': [ '1.0.1' ],
263 silly audit   globals: [ '15.15.0', '14.0.0' ],
263 silly audit   'glob-parent': [ '6.0.2' ],
263 silly audit   gopd: [ '1.2.0' ],
263 silly audit   'has-flag': [ '4.0.0' ],
263 silly audit   'has-symbols': [ '1.1.0' ],
263 silly audit   hasown: [ '2.0.3' ],
263 silly audit   'has-tostringtag': [ '1.0.2' ],
263 silly audit   'hast-util-to-jsx-runtime': [ '2.3.6' ],
263 silly audit   'html-url-attributes': [ '3.0.1' ],
263 silly audit   'hast-util-whitespace': [ '3.0.0' ],
263 silly audit   html2canvas: [ '1.4.1' ],
263 silly audit   csstype: [ '3.2.3' ],
263 silly audit   ignore: [ '5.3.2', '7.0.5' ],
263 silly audit   'import-fresh': [ '3.3.1' ],
263 silly audit   'deep-is': [ '0.1.4' ],
263 silly audit   imurmurhash: [ '0.1.4' ],
263 silly audit   'inline-style-parser': [ '0.2.7' ],
263 silly audit   'is-alphabetical': [ '2.0.1' ],
263 silly audit   'is-decimal': [ '2.0.1' ],
263 silly audit   'is-alphanumerical': [ '2.0.1' ],
263 silly audit   'is-extglob': [ '2.1.1' ],
263 silly audit   'is-plain-obj': [ '4.1.0' ],
263 silly audit   'is-glob': [ '4.0.3' ],
263 silly audit   iobuffer: [ '5.4.0' ],
263 silly audit   isexe: [ '2.0.0' ],
263 silly audit   'is-hexadecimal': [ '2.0.1' ],
263 silly audit   'js-yaml': [ '4.1.1' ],
263 silly audit   'js-tokens': [ '4.0.0' ],
263 silly audit   jsesc: [ '3.1.0' ],
263 silly audit   'json-schema-traverse': [ '0.4.1' ],
263 silly audit   'json-buffer': [ '3.0.1' ],
263 silly audit   'json-stable-stringify-without-jsonify': [ '1.0.1' ],
263 silly audit   jspdf: [ '4.2.1' ],
263 silly audit   levn: [ '0.4.1' ],
263 silly audit   'lodash.merge': [ '4.6.2' ],
263 silly audit   'get-intrinsic': [ '1.3.0' ],
263 silly audit   'longest-streak': [ '3.1.0' ],
263 silly audit   keyv: [ '4.5.4' ],
263 silly audit   'lru-cache': [ '5.1.1' ],
263 silly audit   'locate-path': [ '6.0.0' ],
263 silly audit   'lucide-react': [ '0.469.0' ],
263 silly audit   json5: [ '2.2.3' ],
263 silly audit   'math-intrinsics': [ '1.1.0' ],
263 silly audit   'markdown-table': [ '3.0.4' ],
263 silly audit   'mdast-util-gfm-autolink-literal': [ '2.0.1' ],
263 silly audit   'mdast-util-find-and-replace': [ '3.0.2' ],
263 silly audit   'mdast-util-gfm-footnote': [ '2.1.0' ],
263 silly audit   'mdast-util-gfm-strikethrough': [ '2.0.0' ],
263 silly audit   'mdast-util-gfm-table': [ '2.0.0' ],
263 silly audit   'mdast-util-from-markdown': [ '2.0.3' ],
263 silly audit   'mdast-util-gfm': [ '3.1.0' ],
263 silly audit   'mdast-util-gfm-task-list-item': [ '2.0.0' ],
263 silly audit   'mdast-util-mdx-jsx': [ '3.2.0' ],
263 silly audit   'mdast-util-phrasing': [ '4.1.0' ],
263 silly audit   'mdast-util-mdxjs-esm': [ '2.0.1' ],
263 silly audit   'mdast-util-mdx-expression': [ '2.0.1' ],
263 silly audit   'mdast-util-to-markdown': [ '2.1.2' ],
263 silly audit   'mdast-util-to-hast': [ '13.2.1' ],
263 silly audit   micromark: [ '4.0.2' ],
263 silly audit   'micromark-core-commonmark': [ '2.0.3' ],
263 silly audit   'micromark-extension-gfm-strikethrough': [ '2.1.0' ],
263 silly audit   'micromark-extension-gfm-tagfilter': [ '2.0.0' ],
263 silly audit   'micromark-extension-gfm-footnote': [ '2.1.0' ],
263 silly audit   'micromark-extension-gfm-table': [ '2.1.1' ],
263 silly audit   'micromark-extension-gfm-task-list-item': [ '2.1.0' ],
263 silly audit   'micromark-factory-label': [ '2.0.1' ],
263 silly audit   'micromark-factory-space': [ '2.0.1' ],
263 silly audit   'mdast-util-to-string': [ '4.0.0' ],
263 silly audit   'micromark-extension-gfm-autolink-literal': [ '2.1.0' ],
263 silly audit   'micromark-factory-destination': [ '2.0.1' ],
263 silly audit   'micromark-extension-gfm': [ '3.0.0' ],
263 silly audit   'micromark-factory-title': [ '2.0.1' ],
263 silly audit   'micromark-util-character': [ '2.1.1' ],
263 silly audit   gensync: [ '1.0.0-beta.2' ],
263 silly audit   'micromark-util-chunked': [ '2.0.1' ],
263 silly audit   'micromark-factory-whitespace': [ '2.0.1' ],
263 silly audit   'micromark-util-combine-extensions': [ '2.0.1' ],
263 silly audit   'micromark-util-classify-character': [ '2.0.1' ],
263 silly audit   'micromark-util-decode-string': [ '2.0.1' ],
263 silly audit   'micromark-util-encode': [ '2.0.1' ],
263 silly audit   'micromark-util-normalize-identifier': [ '2.0.1' ],
263 silly audit   'micromark-util-decode-numeric-character-reference': [ '2.0.2' ],
263 silly audit   'micromark-util-html-tag-name': [ '2.0.1' ],
263 silly audit   'micromark-util-sanitize-uri': [ '2.0.1' ],
263 silly audit   'micromark-util-resolve-all': [ '2.0.1' ],
263 silly audit   'micromark-util-symbol': [ '2.0.1' ],
263 silly audit   minimatch: [ '3.1.5', '10.2.5' ],
263 silly audit   'mime-types': [ '2.1.35' ],
263 silly audit   'mime-db': [ '1.52.0' ],
263 silly audit   'micromark-util-subtokenize': [ '2.1.0' ],
263 silly audit   ms: [ '2.1.3' ],
263 silly audit   nanoid: [ '3.3.11' ],
263 silly audit   'natural-compare': [ '1.4.0' ],
263 silly audit   'node-releases': [ '2.0.38' ],
263 silly audit   optionator: [ '0.9.4' ],
263 silly audit   'p-limit': [ '3.1.0' ],
263 silly audit   'parent-module': [ '1.0.1' ],
263 silly audit   pako: [ '2.1.0' ],
263 silly audit   'path-exists': [ '4.0.0' ],
263 silly audit   'p-locate': [ '5.0.0' ],
263 silly audit   'micromark-util-types': [ '2.0.2' ],
263 silly audit   'path-key': [ '3.1.1' ],
263 silly audit   'parse-entities': [ '4.0.2' ],
263 silly audit   '@types/unist': [ '2.0.11', '3.0.3' ],
263 silly audit   picomatch: [ '4.0.4' ],
263 silly audit   'performance-now': [ '2.1.0' ],
263 silly audit   picocolors: [ '1.1.1' ],
263 silly audit   postcss: [ '8.5.10' ],
263 silly audit   'prelude-ls': [ '1.2.1' ],
263 silly audit   'proxy-from-env': [ '2.1.0' ],
263 silly audit   'property-information': [ '7.1.0' ],
263 silly audit   punycode: [ '2.3.1' ],
263 silly audit   react: [ '19.2.5' ],
263 silly audit   raf: [ '3.4.1' ],
263 silly audit   'react-markdown': [ '10.1.0' ],
263 silly audit   'react-refresh': [ '0.17.0' ],
263 silly audit   'react-toastify': [ '11.1.0' ],
263 silly audit   'regenerator-runtime': [ '0.13.11' ],
263 silly audit   'react-dom': [ '19.2.5' ],
263 silly audit   'remark-parse': [ '11.0.0' ],
263 silly audit   'remark-gfm': [ '4.0.1' ],
263 silly audit   'remark-rehype': [ '11.1.2' ],
263 silly audit   'remark-stringify': [ '11.0.0' ],
263 silly audit   rgbcolor: [ '1.0.1' ],
263 silly audit   scheduler: [ '0.27.0' ],
263 silly audit   'resolve-from': [ '4.0.0' ],
263 silly audit   semver: [ '6.3.1', '7.7.4' ],
263 silly audit   'shebang-command': [ '2.0.0' ],
263 silly audit   'source-map-js': [ '1.2.1' ],
263 silly audit   rollup: [ '4.60.2' ],
263 silly audit   'shebang-regex': [ '3.0.0' ],
263 silly audit   'space-separated-tokens': [ '2.0.2' ],
263 silly audit   'stackblur-canvas': [ '2.7.0' ],
263 silly audit   'strip-json-comments': [ '3.1.1' ],
263 silly audit   'stringify-entities': [ '4.0.4' ],
263 silly audit   'style-to-object': [ '1.0.14' ],
263 silly audit   'style-to-js': [ '1.1.21' ],
263 silly audit   'supports-color': [ '7.2.0' ],
263 silly audit   'svg-pathdata': [ '6.0.3' ],
263 silly audit   'text-segmentation': [ '1.0.3' ],
263 silly audit   'tailwind-merge': [ '2.6.1' ],
263 silly audit   'trim-lines': [ '3.0.1' ],
263 silly audit   trough: [ '2.2.0' ],
263 silly audit   tinyglobby: [ '0.2.16' ],
263 silly audit   'ts-api-utils': [ '2.5.0' ],
263 silly audit   'type-check': [ '0.4.0' ],
263 silly audit   'typescript-eslint': [ '8.59.0' ],
263 silly audit   'undici-types': [ '6.21.0' ],
263 silly audit   unified: [ '11.0.5' ],
263 silly audit   'unist-util-is': [ '6.0.1' ],
263 silly audit   'unist-util-position': [ '5.0.0' ],
263 silly audit   'unist-util-visit': [ '5.1.0' ],
263 silly audit   'unist-util-stringify-position': [ '4.0.0' ],
263 silly audit   'unist-util-visit-parents': [ '6.0.2' ],
263 silly audit   utrie: [ '1.0.2' ],
263 silly audit   'uri-js': [ '4.4.1' ],
263 silly audit   'update-browserslist-db': [ '1.2.3' ],
263 silly audit   vfile: [ '6.0.3' ],
263 silly audit   vite: [ '6.4.2' ],
263 silly audit   'word-wrap': [ '1.2.5' ],
263 silly audit   which: [ '2.0.2' ],
263 silly audit   yallist: [ '3.1.1' ],
263 silly audit   typescript: [ '5.6.3' ],
263 silly audit   zwitch: [ '2.0.4' ],
263 silly audit   'yocto-queue': [ '0.1.0' ],
263 silly audit   'vfile-message': [ '4.0.3' ],
263 silly audit   '@babel/code-frame': [ '7.29.0' ],
263 silly audit   '@babel/core': [ '7.29.0' ],
263 silly audit   '@babel/helper-compilation-targets': [ '7.28.6' ],
263 silly audit   '@babel/generator': [ '7.29.1' ],
263 silly audit   '@babel/compat-data': [ '7.29.0' ],
263 silly audit   '@babel/helper-module-imports': [ '7.28.6' ],
263 silly audit   '@babel/helper-globals': [ '7.28.0' ],
263 silly audit   '@babel/helper-module-transforms': [ '7.28.6' ],
263 silly audit   '@babel/helper-validator-identifier': [ '7.28.5' ],
263 silly audit   '@babel/helper-string-parser': [ '7.27.1' ],
263 silly audit   '@babel/helper-validator-option': [ '7.27.1' ],
263 silly audit   '@babel/helpers': [ '7.29.2' ],
263 silly audit   '@babel/parser': [ '7.29.2' ],
263 silly audit   '@babel/plugin-transform-react-jsx-self': [ '7.27.1' ],
263 silly audit   '@babel/plugin-transform-react-jsx-source': [ '7.27.1' ],
263 silly audit   '@babel/helper-plugin-utils': [ '7.28.6' ],
263 silly audit   '@babel/traverse': [ '7.29.0' ],
263 silly audit   '@babel/template': [ '7.28.6' ],
263 silly audit   '@babel/types': [ '7.29.0' ],
263 silly audit   '@esbuild/darwin-arm64': [ '0.25.12' ],
263 silly audit   '@eslint/config-array': [ '0.21.2' ],
263 silly audit   '@babel/runtime': [ '7.29.2' ],
263 silly audit   '@eslint/config-helpers': [ '0.4.2' ],
263 silly audit   '@eslint/core': [ '0.17.0' ],
263 silly audit   '@eslint/eslintrc': [ '3.3.5' ],
263 silly audit   '@eslint/js': [ '9.39.4' ],
263 silly audit   '@eslint/object-schema': [ '2.1.7' ],
263 silly audit   '@eslint-community/eslint-utils': [ '4.9.1' ],
263 silly audit   '@eslint-community/regexpp': [ '4.12.2' ],
263 silly audit   '@humanfs/core': [ '0.19.2' ],
263 silly audit   '@humanfs/types': [ '0.15.0' ],
263 silly audit   '@humanfs/node': [ '0.16.8' ],
263 silly audit   '@humanwhocodes/module-importer': [ '1.0.1' ],
263 silly audit   '@humanwhocodes/retry': [ '0.4.3' ],
263 silly audit   '@jridgewell/gen-mapping': [ '0.3.13' ],
263 silly audit   '@jridgewell/remapping': [ '2.3.5' ],
263 silly audit   '@jridgewell/resolve-uri': [ '3.1.2' ],
263 silly audit   '@jridgewell/sourcemap-codec': [ '1.5.5' ],
263 silly audit   '@jridgewell/trace-mapping': [ '0.3.31' ],
263 silly audit   '@microsoft/fetch-event-source': [ '2.0.1' ],
263 silly audit   '@rollup/rollup-darwin-arm64': [ '4.60.2' ],
263 silly audit   '@types/babel__core': [ '7.20.5' ],
263 silly audit   '@types/babel__generator': [ '7.27.0' ],
263 silly audit   '@rolldown/pluginutils': [ '1.0.0-beta.27' ],
263 silly audit   '@types/babel__template': [ '7.4.4' ],
263 silly audit   '@eslint/plugin-kit': [ '0.4.1' ],
263 silly audit   '@types/estree': [ '1.0.8' ],
263 silly audit   '@types/debug': [ '4.1.13' ],
263 silly audit   '@types/babel__traverse': [ '7.28.0' ],
263 silly audit   '@types/google.maps': [ '3.64.0' ],
263 silly audit   '@types/hast': [ '3.0.4' ],
263 silly audit   '@types/estree-jsx': [ '1.0.5' ],
263 silly audit   '@types/json-schema': [ '7.0.15' ],
263 silly audit   '@types/mdast': [ '4.0.4' ],
263 silly audit   '@types/node': [ '22.19.17' ],
263 silly audit   '@types/ms': [ '2.1.0' ],
263 silly audit   '@types/react': [ '19.2.14' ],
263 silly audit   '@types/raf': [ '3.4.3' ],
263 silly audit   '@types/react-dom': [ '19.2.3' ],
263 silly audit   '@types/trusted-types': [ '2.0.7' ],
263 silly audit   '@typescript-eslint/parser': [ '8.59.0' ],
263 silly audit   '@typescript-eslint/eslint-plugin': [ '8.59.0' ],
263 silly audit   '@types/pako': [ '2.0.4' ],
263 silly audit   '@typescript-eslint/scope-manager': [ '8.59.0' ],
263 silly audit   '@typescript-eslint/project-service': [ '8.59.0' ],
263 silly audit   '@typescript-eslint/tsconfig-utils': [ '8.59.0' ],
263 silly audit   '@typescript-eslint/types': [ '8.59.0' ],
263 silly audit   '@typescript-eslint/utils': [ '8.59.0' ],
263 silly audit   '@typescript-eslint/typescript-estree': [ '8.59.0' ],
263 silly audit   '@typescript-eslint/visitor-keys': [ '8.59.0' ],
263 silly audit   '@ungap/structured-clone': [ '1.3.0' ],
263 silly audit   '@vitejs/plugin-react': [ '4.7.0' ],
263 silly audit   '@typescript-eslint/type-utils': [ '8.59.0' ],
263 silly audit   '@esbuild/aix-ppc64': [ '0.25.12' ],
263 silly audit   '@esbuild/android-arm': [ '0.25.12' ],
263 silly audit   '@esbuild/android-arm64': [ '0.25.12' ],
263 silly audit   '@esbuild/android-x64': [ '0.25.12' ],
263 silly audit   '@esbuild/darwin-x64': [ '0.25.12' ],
263 silly audit   '@esbuild/freebsd-arm64': [ '0.25.12' ],
263 silly audit   '@esbuild/freebsd-x64': [ '0.25.12' ],
263 silly audit   '@esbuild/linux-arm': [ '0.25.12' ],
263 silly audit   '@esbuild/linux-arm64': [ '0.25.12' ],
263 silly audit   '@esbuild/linux-ia32': [ '0.25.12' ],
263 silly audit   '@esbuild/linux-loong64': [ '0.25.12' ],
263 silly audit   '@esbuild/linux-mips64el': [ '0.25.12' ],
263 silly audit   '@esbuild/linux-ppc64': [ '0.25.12' ],
263 silly audit   '@esbuild/linux-riscv64': [ '0.25.12' ],
263 silly audit   '@esbuild/linux-s390x': [ '0.25.12' ],
263 silly audit   '@esbuild/linux-x64': [ '0.25.12' ],
263 silly audit   '@esbuild/netbsd-arm64': [ '0.25.12' ],
263 silly audit   '@esbuild/netbsd-x64': [ '0.25.12' ],
263 silly audit   '@esbuild/openbsd-arm64': [ '0.25.12' ],
263 silly audit   '@esbuild/openbsd-x64': [ '0.25.12' ],
263 silly audit   '@esbuild/openharmony-arm64': [ '0.25.12' ],
263 silly audit   '@esbuild/sunos-x64': [ '0.25.12' ],
263 silly audit   '@esbuild/win32-arm64': [ '0.25.12' ],
263 silly audit   '@esbuild/win32-ia32': [ '0.25.12' ],
263 silly audit   '@esbuild/win32-x64': [ '0.25.12' ],
263 silly audit   '@rollup/rollup-android-arm-eabi': [ '4.60.2' ],
263 silly audit   '@rollup/rollup-android-arm64': [ '4.60.2' ],
263 silly audit   '@rollup/rollup-darwin-x64': [ '4.60.2' ],
263 silly audit   '@rollup/rollup-freebsd-arm64': [ '4.60.2' ],
263 silly audit   '@rollup/rollup-freebsd-x64': [ '4.60.2' ],
263 silly audit   '@rollup/rollup-linux-arm-gnueabihf': [ '4.60.2' ],
263 silly audit   '@rollup/rollup-linux-arm-musleabihf': [ '4.60.2' ],
263 silly audit   '@rollup/rollup-linux-arm64-gnu': [ '4.60.2' ],
263 silly audit   '@rollup/rollup-linux-arm64-musl': [ '4.60.2' ],
263 silly audit   '@rollup/rollup-linux-loong64-gnu': [ '4.60.2' ],
263 silly audit   '@rollup/rollup-linux-loong64-musl': [ '4.60.2' ],
263 silly audit   '@rollup/rollup-linux-ppc64-gnu': [ '4.60.2' ],
263 silly audit   '@rollup/rollup-linux-ppc64-musl': [ '4.60.2' ],
263 silly audit   '@rollup/rollup-linux-riscv64-gnu': [ '4.60.2' ],
263 silly audit   '@rollup/rollup-linux-riscv64-musl': [ '4.60.2' ],
263 silly audit   '@rollup/rollup-linux-s390x-gnu': [ '4.60.2' ],
263 silly audit   '@rollup/rollup-linux-x64-gnu': [ '4.60.2' ],
263 silly audit   '@rollup/rollup-linux-x64-musl': [ '4.60.2' ],
263 silly audit   '@rollup/rollup-openbsd-x64': [ '4.60.2' ],
263 silly audit   '@rollup/rollup-openharmony-arm64': [ '4.60.2' ],
263 silly audit   '@rollup/rollup-win32-arm64-msvc': [ '4.60.2' ],
263 silly audit   '@rollup/rollup-win32-ia32-msvc': [ '4.60.2' ],
263 silly audit   '@rollup/rollup-win32-x64-gnu': [ '4.60.2' ],
263 silly audit   '@rollup/rollup-win32-x64-msvc': [ '4.60.2' ]
263 silly audit }
264 http fetch POST 200 https://registry.npmjs.org/-/npm/v1/security/advisories/bulk 188ms
265 silly audit report {}
266 verbose cwd /Users/tony_pitaniello/Desktop/reg-guard FINAL/frontend
267 verbose os Darwin 24.5.0
268 verbose node v24.15.0
269 verbose npm  v11.12.1
270 notice
270 notice New minor version of npm available! 11.12.1 -> 11.14.1
270 notice Changelog: https://github.com/npm/cli/releases/tag/v11.14.1
270 notice To update run: npm install -g npm@11.14.1
270 notice  { force: true, Symbol(proc-log.meta): true }
271 verbose exit 0
272 info ok
